Server is running on 8080
Static file server running at
  => http://localhost:8080/
CTRL + C to shutdown
Static file server running at
  => http://localhost:8080/
CTRL + C to shutdown
Static file server running at
  => http://localhost:8080/
CTRL + C to shutdown
<<<<<<< Updated upstream
Static file server running at
  => http://localhost:8080/
CTRL + C to shutdown
Static file server running at
  => http://localhost:8080/
CTRL + C to shutdown
Static file server running at
  => http://localhost:8080/
CTRL + C to shutdown
Static file server running at
  => http://localhost:8080/
CTRL + C to shutdown
Static file server running at
  => http://localhost:8080/
CTRL + C to shutdown
=======
>>>>>>> Stashed changes
Static file server running at
  => http://localhost:8080/
CTRL + C to shutdown
/home/ubuntu/propo_project/index.html
/home/ubuntu/propo_project/dist/css/bootstrap.min.css
/home/ubuntu/propo_project/css/propo_main.css
/home/ubuntu/propo_project/css/bootstrap-datetimepicker.css
/home/ubuntu/propo_project/js/bootstrap.min.js
/home/ubuntu/propo_project/assets/js/ie-emulation-modes-warning.js
/home/ubuntu/propo_project/img/logo.svg
/home/ubuntu/propo_project/js/bootstrap-datetimepicker.js
/home/ubuntu/propo_project/assets/js/ie10-viewport-bug-workaround.js
/home/ubuntu/propo_project/dist/fonts/glyphicons-halflings-regular.woff2
/home/ubuntu/propo_project/contractor-join-s2.html
/home/ubuntu/propo_project/index.html
/home/ubuntu/propo_project/dist/css/bootstrap.min.css
/home/ubuntu/propo_project/css/bootstrap-datetimepicker.css
/home/ubuntu/propo_project/css/propo_main.css
/home/ubuntu/propo_project/assets/js/ie-emulation-modes-warning.js
/home/ubuntu/propo_project/js/bootstrap.min.js
/home/ubuntu/propo_project/js/bootstrap-datetimepicker.js
/home/ubuntu/propo_project/assets/js/ie10-viewport-bug-workaround.js
/home/ubuntu/propo_project/img/logo.svg
/home/ubuntu/propo_project/dist/fonts/glyphicons-halflings-regular.woff2
/home/ubuntu/propo_project/contactor-join-s2.html
/home/ubuntu/propo_project/dist/css/bootstrap.min.css
/home/ubuntu/propo_project/css/contactor-join.css
/home/ubuntu/propo_project/css/bootstrap-datetimepicker.css
/home/ubuntu/propo_project/assets/js/ie-emulation-modes-warning.js
/home/ubuntu/propo_project/js/bootstrap.min.js
/home/ubuntu/propo_project/js/bootstrap-datetimepicker.js
/home/ubuntu/propo_project/assets/js/ie10-viewport-bug-workaround.js
/home/ubuntu/propo_project/img/logo.svg
